[debug] [2024-01-29T14:02:58.851Z] ----------------------------------------------------------------------
[debug] [2024-01-29T14:02:58.854Z] Command:       C:\Program Files\nodejs\node.exe C:\Users\ACER\AppData\Roaming\npm\node_modules\firebase-tools\lib\bin\firebase.js deploy
[debug] [2024-01-29T14:02:58.854Z] CLI Version:   12.0.0
[debug] [2024-01-29T14:02:58.855Z] Platform:      win32
[debug] [2024-01-29T14:02:58.855Z] Node Version:  v18.14.2
[debug] [2024-01-29T14:02:58.856Z] Time:          Mon Jan 29 2024 19:32:58 GMT+0530 (India Standard Time)
[debug] [2024-01-29T14:02:58.856Z] ----------------------------------------------------------------------
[debug] 
[debug] [2024-01-29T14:02:58.860Z] >>> [apiv2][query] GET https://firebase-public.firebaseio.com/cli.json [none]
[debug] [2024-01-29T14:02:59.017Z] > command requires scopes: ["email","openid","https://www.googleapis.com/auth/cloudplatformprojects.readonly","https://www.googleapis.com/auth/firebase","https://www.googleapis.com/auth/cloud-platform"]
[debug] [2024-01-29T14:02:59.018Z] > authorizing via signed-in user (shobhitrastogi2000@gmail.com)
[debug] [2024-01-29T14:02:59.018Z] [iam] checking project myangularapp-1009e for permissions ["firebase.projects.get","firebasehosting.sites.update"]
[debug] [2024-01-29T14:02:59.019Z] > refreshing access token with scopes: []
[debug] [2024-01-29T14:02:59.020Z] >>> [apiv2][query] POST https://www.googleapis.com/oauth2/v3/token [none]
[debug] [2024-01-29T14:02:59.020Z] >>> [apiv2][body] POST https://www.googleapis.com/oauth2/v3/token [omitted]
[debug] [2024-01-29T14:02:59.538Z] <<< [apiv2][status] POST https://www.googleapis.com/oauth2/v3/token 400
[debug] [2024-01-29T14:02:59.538Z] <<< [apiv2][body] POST https://www.googleapis.com/oauth2/v3/token [omitted]
[debug] [2024-01-29T14:02:59.538Z] >>> [apiv2][query] POST https://cloudresourcemanager.googleapis.com/v1/projects/myangularapp-1009e:testIamPermissions [none]
[debug] [2024-01-29T14:02:59.538Z] >>> [apiv2][(partial)header] POST https://cloudresourcemanager.googleapis.com/v1/projects/myangularapp-1009e:testIamPermissions x-goog-quota-user=projects/myangularapp-1009e
[debug] [2024-01-29T14:02:59.538Z] >>> [apiv2][body] POST https://cloudresourcemanager.googleapis.com/v1/projects/myangularapp-1009e:testIamPermissions {"permissions":["firebase.projects.get","firebasehosting.sites.update"]}
[debug] [2024-01-29T14:02:59.804Z] <<< [apiv2][status] GET https://firebase-public.firebaseio.com/cli.json 200
[debug] [2024-01-29T14:02:59.804Z] <<< [apiv2][body] GET https://firebase-public.firebaseio.com/cli.json {"cloudBuildErrorAfter":1594252800000,"cloudBuildWarnAfter":1590019200000,"defaultNode10After":1594252800000,"minVersion":"3.0.5","node8DeploysDisabledAfter":1613390400000,"node8RuntimeDisabledAfter":1615809600000,"node8WarnAfter":1600128000000}
[debug] [2024-01-29T14:03:01.238Z] <<< [apiv2][status] POST https://cloudresourcemanager.googleapis.com/v1/projects/myangularapp-1009e:testIamPermissions 401
[debug] [2024-01-29T14:03:01.238Z] <<< [apiv2][body] POST https://cloudresourcemanager.googleapis.com/v1/projects/myangularapp-1009e:testIamPermissions {"error":{"code":401,"message":"Request had invalid authentication credentials. Expected OAuth 2 access token, login cookie or other valid authentication credential. See https://developers.google.com/identity/sign-in/web/devconsole-project.","status":"UNAUTHENTICATED","details":[{"@type":"type.googleapis.com/google.rpc.ErrorInfo","reason":"ACCESS_TOKEN_TYPE_UNSUPPORTED","metadata":{"service":"cloudresourcemanager.googleapis.com","method":"google.cloudresourcemanager.v1.Projects.TestIamPermissions"}}]}}
[debug] [2024-01-29T14:03:01.239Z] [iam] error while checking permissions, command may fail: FirebaseError: HTTP Error: 401, Request had invalid authentication credentials. Expected OAuth 2 access token, login cookie or other valid authentication credential. See https://developers.google.com/identity/sign-in/web/devconsole-project.
[debug] [2024-01-29T14:03:01.239Z] > refreshing access token with scopes: []
[debug] [2024-01-29T14:03:01.240Z] >>> [apiv2][query] POST https://www.googleapis.com/oauth2/v3/token [none]
[debug] [2024-01-29T14:03:01.240Z] >>> [apiv2][body] POST https://www.googleapis.com/oauth2/v3/token [omitted]
[debug] [2024-01-29T14:03:01.667Z] <<< [apiv2][status] POST https://www.googleapis.com/oauth2/v3/token 400
[debug] [2024-01-29T14:03:01.668Z] <<< [apiv2][body] POST https://www.googleapis.com/oauth2/v3/token [omitted]
[debug] [2024-01-29T14:03:01.668Z] >>> [apiv2][query] GET https://firebase.googleapis.com/v1beta1/projects/myangularapp-1009e [none]
[debug] [2024-01-29T14:03:02.140Z] <<< [apiv2][status] GET https://firebase.googleapis.com/v1beta1/projects/myangularapp-1009e 401
[debug] [2024-01-29T14:03:02.140Z] <<< [apiv2][body] GET https://firebase.googleapis.com/v1beta1/projects/myangularapp-1009e {"error":{"code":401,"message":"Request had invalid authentication credentials. Expected OAuth 2 access token, login cookie or other valid authentication credential. See https://developers.google.com/identity/sign-in/web/devconsole-project.","status":"UNAUTHENTICATED"}}
[debug] [2024-01-29T14:03:02.140Z] HTTP Error: 401, Request had invalid authentication credentials. Expected OAuth 2 access token, login cookie or other valid authentication credential. See https://developers.google.com/identity/sign-in/web/devconsole-project.
[debug] [2024-01-29T14:03:02.567Z] FirebaseError: HTTP Error: 401, Request had invalid authentication credentials. Expected OAuth 2 access token, login cookie or other valid authentication credential. See https://developers.google.com/identity/sign-in/web/devconsole-project.
    at responseToError (C:\Users\ACER\AppData\Roaming\npm\node_modules\firebase-tools\lib\responseToError.js:49:12)
    at RetryOperation._fn (C:\Users\ACER\AppData\Roaming\npm\node_modules\firebase-tools\lib\apiv2.js:288:77)
    at process.processTicksAndRejections (node:internal/process/task_queues:95:5)
[error] 
[error] Error: Failed to get Firebase project myangularapp-1009e. Please make sure the project exists and your account has permission to access it.
[debug] [2024-01-29T14:03:17.580Z] ----------------------------------------------------------------------
[debug] [2024-01-29T14:03:17.582Z] Command:       C:\Program Files\nodejs\node.exe C:\Users\ACER\AppData\Roaming\npm\node_modules\firebase-tools\lib\bin\firebase.js init
[debug] [2024-01-29T14:03:17.582Z] CLI Version:   12.0.0
[debug] [2024-01-29T14:03:17.582Z] Platform:      win32
[debug] [2024-01-29T14:03:17.582Z] Node Version:  v18.14.2
[debug] [2024-01-29T14:03:17.583Z] Time:          Mon Jan 29 2024 19:33:17 GMT+0530 (India Standard Time)
[debug] [2024-01-29T14:03:17.583Z] ----------------------------------------------------------------------
[debug] 
[debug] [2024-01-29T14:03:17.656Z] > command requires scopes: ["email","openid","https://www.googleapis.com/auth/cloudplatformprojects.readonly","https://www.googleapis.com/auth/firebase","https://www.googleapis.com/auth/cloud-platform"]
[debug] [2024-01-29T14:03:17.656Z] > authorizing via signed-in user (shobhitrastogi2000@gmail.com)
[info] 
     ######## #### ########  ######## ########     ###     ######  ########
     ##        ##  ##     ## ##       ##     ##  ##   ##  ##       ##
     ######    ##  ########  ######   ########  #########  ######  ######
     ##        ##  ##    ##  ##       ##     ## ##     ##       ## ##
     ##       #### ##     ## ######## ########  ##     ##  ######  ########

You're about to initialize a Firebase project in this directory:

  F:\My project\myAngularApp

Before we get started, keep in mind:

  * You are initializing within an existing Firebase project directory

